INFO main rapid.MainScheduler - Scheduler Started
INFO main rapid.MainScheduler - Scheduler Started
INFO main rapid.MainScheduler - Ipv4 Address is 127.0.0.1
INFO main rapid.MainScheduler - Scheduler Started
INFO main rapid.MainScheduler - Ipv4 Address is 127.0.0.1
INFO main rapid.MainScheduler - Scheduler Started
DEBUG main org.apache.ibatis.logging.LogFactory - Logging initialized using 'class org.apache.ibatis.logging.log4j.Log4jImpl' adapter.
DEBUG main org.apache.ibatis.datasource.pooled.PooledDataSource - PooledDataSource forcefully closed/removed all connections.
DEBUG main org.apache.ibatis.datasource.pooled.PooledDataSource - PooledDataSource forcefully closed/removed all connections.
DEBUG main org.apache.ibatis.datasource.pooled.PooledDataSource - PooledDataSource forcefully closed/removed all connections.
DEBUG main org.apache.ibatis.datasource.pooled.PooledDataSource - PooledDataSource forcefully closed/removed all connections.
DEBUG main org.apache.ibatis.transaction.jdbc.JdbcTransaction - Opening JDBC Connection
DEBUG main org.apache.ibatis.datasource.pooled.PooledDataSource - Created connection 1760126453.
DEBUG main org.apache.ibatis.transaction.jdbc.JdbcTransaction - Setting autocommit to false on JDBC Connection [com.mysql.cj.jdbc.ConnectionImpl@68e965f5]
DEBUG main DS.vmmInfoList - ==>  Preparing: select * from vmm_info
DEBUG main DS.vmmInfoList - ==> Parameters: 
DEBUG main DS.vmmInfoList - <==      Total: 0
DEBUG main org.apache.ibatis.transaction.jdbc.JdbcTransaction - Resetting autocommit to true on JDBC Connection [com.mysql.cj.jdbc.ConnectionImpl@68e965f5]
DEBUG main org.apache.ibatis.transaction.jdbc.JdbcTransaction - Closing JDBC Connection [com.mysql.cj.jdbc.ConnectionImpl@68e965f5]
DEBUG main org.apache.ibatis.datasource.pooled.PooledDataSource - Returned connection 1760126453 to pool.
INFO main rapid.MainScheduler - Ipv4 Address is 127.0.0.1
INFO main rapid.MainScheduler - Scheduler Started
DEBUG main org.apache.ibatis.logging.LogFactory - Logging initialized using 'class org.apache.ibatis.logging.log4j.Log4jImpl' adapter.
DEBUG main org.apache.ibatis.datasource.pooled.PooledDataSource - PooledDataSource forcefully closed/removed all connections.
DEBUG main org.apache.ibatis.datasource.pooled.PooledDataSource - PooledDataSource forcefully closed/removed all connections.
DEBUG main org.apache.ibatis.datasource.pooled.PooledDataSource - PooledDataSource forcefully closed/removed all connections.
DEBUG main org.apache.ibatis.datasource.pooled.PooledDataSource - PooledDataSource forcefully closed/removed all connections.
DEBUG main org.apache.ibatis.transaction.jdbc.JdbcTransaction - Opening JDBC Connection
DEBUG main org.apache.ibatis.datasource.pooled.PooledDataSource - Created connection 20094719.
DEBUG main org.apache.ibatis.transaction.jdbc.JdbcTransaction - Setting autocommit to false on JDBC Connection [com.mysql.cj.jdbc.ConnectionImpl@1329eff]
DEBUG main DS.insertVmInfo - ==>  Preparing: insert into vm_info (ipv4, port, vmmid, category, type, userid, offloadstatus, vmstatus, timestamp) values (?, ?, ?, ?, ?, ?, ?, ?, now())
DEBUG main DS.insertVmInfo - ==> Parameters: 1.1.1.1(String), 65000(Integer), 228(Long), 0(Integer), 0(Integer), 0(Long), 0(Integer), 0(Integer)
DEBUG main DS.insertVmInfo - <==    Updates: 1
DEBUG main DS.insertVmInfo!selectKey - ==>  Preparing: select LAST_INSERT_ID();
DEBUG main DS.insertVmInfo!selectKey - ==> Parameters: 
DEBUG main DS.insertVmInfo!selectKey - <==      Total: 1
DEBUG main org.apache.ibatis.transaction.jdbc.JdbcTransaction - Committing JDBC Connection [com.mysql.cj.jdbc.ConnectionImpl@1329eff]
DEBUG main org.apache.ibatis.transaction.jdbc.JdbcTransaction - Resetting autocommit to true on JDBC Connection [com.mysql.cj.jdbc.ConnectionImpl@1329eff]
DEBUG main org.apache.ibatis.transaction.jdbc.JdbcTransaction - Closing JDBC Connection [com.mysql.cj.jdbc.ConnectionImpl@1329eff]
DEBUG main org.apache.ibatis.datasource.pooled.PooledDataSource - Returned connection 20094719 to pool.
INFO main rapid.MainScheduler - Scheduler Started
